{
  "RSpec": {
    "coverage": {
      "/Users/riannemccartney/Projects/oystercard-RandA/oystercard/spec/fare_spec.rb": [
        1,
        null,
        1,
        null,
        1,
        5,
        3,
        2,
        2,
        null,
        1,
        1,
        null,
        null,
        1,
        1,
        null,
        null,
        1,
        1,
        null,
        null,
        1,
        1,
        null,
        null,
        1,
        1,
        null,
        null
      ],
      "/Users/riannemccartney/Projects/oystercard-RandA/oystercard/lib/fare.rb": [
        1,
        null,
        1,
        1,
        null,
        1,
        6,
        1,
        null,
        5,
        5,
        null,
        null,
        null,
        null
      ],
      "/Users/riannemccartney/Projects/oystercard-RandA/oystercard/spec/journey_spec.rb": [
        1,
        1,
        1,
        1,
        null,
        1,
        null,
        6,
        1,
        6,
        null,
        1,
        1,
        null,
        null,
        1,
        1,
        null,
        null,
        1,
        1,
        null,
        null,
        1,
        1,
        1,
        1,
        null,
        null,
        1,
        1,
        1,
        null,
        null,
        null
      ],
      "/Users/riannemccartney/Projects/oystercard-RandA/oystercard/lib/journey.rb": [
        1,
        null,
        1,
        null,
        1,
        6,
        6,
        6,
        null,
        null,
        1,
        3,
        3,
        null,
        null,
        1,
        1,
        null,
        null,
        null
      ],
      "/Users/riannemccartney/Projects/oystercard-RandA/oystercard/lib/oystercard.rb": [
        null,
        1,
        null,
        1,
        null,
        1,
        null,
        1,
        null,
        1,
        6,
        6,
        null,
        null,
        null,
        1,
        3,
        2,
        null,
        null,
        1,
        2,
        1,
        null,
        null,
        1,
        1,
        1,
        null,
        null,
        1,
        3,
        null,
        null,
        1,
        null,
        1,
        3,
        null,
        null,
        1,
        1,
        null,
        null,
        null
      ],
      "/Users/riannemccartney/Projects/oystercard-RandA/oystercard/lib/journeylog.rb": [
        1,
        null,
        1,
        null,
        1,
        1,
        null,
        1,
        9,
        9,
        9,
        null,
        null,
        1,
        4,
        4,
        null,
        null,
        1,
        2,
        2,
        null,
        null,
        1,
        1,
        null,
        null,
        1,
        1,
        null,
        null,
        1,
        null,
        1,
        2,
        0,
        0,
        0,
        null,
        null
      ],
      "/Users/riannemccartney/Projects/oystercard-RandA/oystercard/lib/station.rb": [
        1,
        null,
        1,
        null,
        1,
        2,
        2,
        null,
        null,
        null,
        null,
        null,
        null,
        null
      ],
      "/Users/riannemccartney/Projects/oystercard-RandA/oystercard/spec/journeylog_spec.rb": [
        1,
        1,
        1,
        1,
        null,
        1,
        null,
        4,
        4,
        1,
        4,
        4,
        null,
        1,
        1,
        1,
        1,
        null,
        null,
        1,
        1,
        1,
        1,
        null,
        null,
        1,
        1,
        1,
        1,
        1,
        null,
        null,
        null,
        null
      ],
      "/Users/riannemccartney/Projects/oystercard-RandA/oystercard/spec/oystercard_spec.rb": [
        1,
        1,
        1,
        null,
        1,
        null,
        1,
        null,
        1,
        1,
        1,
        1,
        null,
        null,
        null,
        null,
        1,
        null,
        1,
        4,
        null,
        null,
        1,
        1,
        1,
        2,
        null,
        null,
        null,
        null,
        1,
        null,
        1,
        1,
        1,
        1,
        2,
        null,
        null,
        null,
        null,
        1,
        null,
        1,
        1,
        1,
        1,
        4,
        null,
        null,
        null,
        null,
        1,
        null,
        1,
        1,
        1,
        null,
        null,
        null,
        null,
        null
      ],
      "/Users/riannemccartney/Projects/oystercard-RandA/oystercard/spec/station_spec.rb": [
        1,
        null,
        1,
        null,
        2,
        null,
        1,
        1,
        null,
        null
      ]
    },
    "timestamp": 1562318727
  }
}
